         w _ITM_deregisterTMCloneTable
         w _ITM_registerTMCloneTable
         w __deregister_frame_info
         w __register_frame_info
00000000 b .LANCHOR1
00000000 b _TLS_MODULE_BASE_
00000000 00000401 b __fixedpath
00000000 a shift
00000000 a shift
00000404 b .LANCHOR3
00000404 00000802 b __utf16path
00000c08 b .LANCHOR5
00000c08 00000802 b __utf16path_old.8107
00100000 a __start__
00100000 T _start
00100008 T __service_ptr
0010000c T __apt_appid
00100010 T __heap_size
00100014 T __linear_heap_size
00100018 T __system_arglist
0010001c T __system_runflags
00100020 t startup
00100058 t ClearMem
0010006c t ClrLoop
00100094 T _init
001000ac T initSystem
001000f0 T __ctru_exit
00100110 T __aeabi_idiv
00100110 00000220 T __divsi3
00100118 t .divsi3_skip_div0_test
00100330 00000020 T __aeabi_idivmod
00100350 00000004 W __aeabi_idiv0
00100350 00000004 W __aeabi_ldiv0
00100354 T __aeabi_uldivmod
001003a8 00000390 T strcmp
00100730 t .udivsi3_skip_div0_test
00100730 T __aeabi_uidiv
00100730 000001ec T __udivsi3
0010091c 00000020 T __aeabi_uidivmod
0010093c t deregister_tm_clones
00100968 t register_tm_clones
001009a0 t __do_global_dtors_aux
001009e4 t frame_dummy
00100a18 0000017c T main
00100b94 000001c0 T consoleDrawChar
00100d54 00000128 T consolePrintChar
00100e7c 00000184 t consoleCls
00101000 00000104 T consoleInit
00101104 00000138 t consoleClearLine
0010123c 000000c0 t newRow
001012fc 00000810 T con_write
00101b0c 0000008c t gfxSetFramebufferInfo.part.0
00101b98 00000018 T __get_bytes_per_pixel
00101bb0 00000184 T gfxSetScreenFormat
00101d34 00000010 T gfxSetDoubleBuffering
00101d44 0000006c T gfxSetFramebufferInfo
00101db0 000000b0 T gfxWriteFramebufferInfo
00101e60 00000210 T gfxInit
00102070 00000010 T gfxInitDefault
00102080 000000e0 T gfxExit
00102160 000000a8 T gfxGetFramebuffer
00102208 000000e8 T gfxFlushBuffers
001022f0 00000060 T gfxConfigScreen
00102350 00000020 T gfxSwapBuffers
00102370 00000020 T gfxSwapBuffersGpu
00102390 00000074 T gspInit
00102404 0000003c T gspExit
00102440 000000a0 T gspInitEventHandler
001024e0 00000040 T gspExitEventHandler
00102520 00000044 T gspWaitForEvent
00102564 00000004 W gxCmdQueueInterrupt
00102568 00000174 t gspEventThreadMain
001026dc 0000006c T GSPGPU_SetBufferSwap
00102748 0000004c T GSPGPU_FlushDataCache
00102794 00000034 T GSPGPU_SetLcdForceBlack
001027c8 00000064 T GSPGPU_RegisterInterruptRelayQueue
0010282c 0000002c T GSPGPU_UnregisterInterruptRelayQueue
00102858 00000048 T GSPGPU_AcquireRight
001028a0 0000002c T GSPGPU_ReleaseRight
001028cc 00000080 T GSPGPU_ImportDisplayCaptureInfo
0010294c 0000002c T GSPGPU_SaveVramSysArea
00102978 0000002c T GSPGPU_RestoreVramSysArea
001029a4 00000004 W _aptDebug
001029a8 0000015c T aptSendCommand
00102b04 0000003c t aptExitProcess
00102b40 0000004c T APT_InquireNotification
00102b8c 0000019c t aptEventHandler
00102d28 00000074 T APT_AppletUtility
00102d9c 000000b0 T aptSetSleepAllowed
00102e4c 000000b0 T APT_GlanceParameter
00102efc 000000c4 T APT_ReceiveParameter
00102fc0 000000bc t aptReceiveParameter.constprop.1
00103080 000001e8 t aptScreenTransfer
00103268 00000210 t aptWaitForWakeUp
00103478 00000070 T APT_CancelParameter
001034e8 00000270 T aptInit
00103758 00000088 t aptClearParamQueue
001037e0 000001e4 t aptMainLoop.part.0
001039c4 0000001c T aptMainLoop
001039e0 0000024c T aptExit
00103c2c 0000007c T APT_CheckNew3DS
00103ca8 000000d0 T hidExit
00103d78 0000026c T hidScanInput
00103fe4 00000010 T hidKeysDown
00103ff4 00000018 T hidTouchRead
0010400c 00000090 T HIDUSER_GetHandles
0010409c 000001a8 T hidInit
00104244 00000038 W __libctru_init
0010427c 00000030 t __ctru_get_reent
001042ac 000000e4 T __system_initSyscalls
00104390 00000104 W __system_allocateHeaps
00104494 000000ec T __system_initArgv
00104580 T svcControlMemory
001045a0 T svcExitProcess
001045a8 T svcCreateThread
001045c8 T svcExitThread
001045d0 T svcSleepThread
001045d8 T svcReleaseMutex
001045e0 T svcCreateEvent
001045f4 T svcSignalEvent
001045fc T svcClearEvent
00104604 T svcMapMemoryBlock
0010460c T svcUnmapMemoryBlock
00104614 T svcCreateAddressArbiter
00104628 T svcArbitrateAddress
00104640 T svcCloseHandle
00104648 T svcWaitSynchronization
00104650 T svcWaitSynchronizationN
00104678 T svcDuplicateHandle
0010468c T svcGetSystemTick
00104694 T svcGetSystemInfo
001046ac T svcConnectToPort
001046c0 T svcSendSyncRequest
001046c8 T svcBreak
001046d0 00000024 t addrMapNodeComparator(rbtree_node const*, rbtree_node const*)
001046f4 00000004 t addrMapNodeDestructor(rbtree_node*)
001046f8 00000110 T vramMemAlign
00104808 00000008 T vramAlloc
00104810 00000050 T vramFree
00104860 00000024 t addrMapNodeComparator(rbtree_node const*, rbtree_node const*)
00104884 00000004 t addrMapNodeDestructor(rbtree_node*)
00104888 000000e4 T mappableAlloc
0010496c 00000050 T mappableFree
001049bc 00000024 t addrMapNodeComparator(rbtree_node const*, rbtree_node const*)
001049e0 00000004 t addrMapNodeDestructor(rbtree_node*)
001049e4 0000011c T linearMemAlign
00104b00 00000008 T linearAlloc
00104b08 00000050 T linearFree
00104b58 00000098 T MemPool::CoalesceRight(MemBlock*)
00104bf0 0000016c T MemPool::Allocate(MemChunk&, unsigned long, int)
00104d5c 000000fc T MemPool::Deallocate(MemChunk const&)
00104e58 00000034 t LightLock_Unlock.part.1
00104e8c 0000000c T __sync_init
00104e98 00000018 T __sync_fini
00104eb0 00000010 T __sync_get_arbiter
00104ec0 00000018 T LightLock_Init
00104ed8 0000009c T LightLock_Lock
00104f74 00000034 T LightLock_TryLock
00104fa8 00000020 T LightLock_Unlock
00104fc8 00000024 T RecursiveLock_Init
00104fec 00000030 T RecursiveLock_Lock
0010501c 00000058 T RecursiveLock_TryLock
00105074 00000038 T RecursiveLock_Unlock
001050ac 00000038 T LightEvent_Init
001050e4 0000007c T LightEvent_Clear
00105160 000000dc T LightEvent_Signal
0010523c 000000bc T LightEvent_Wait
001052f8 00000058 t getSysTime
00105350 00000028 t __ctru_speedup_config.part.0
00105378 00000024 T osGetMemRegionUsed
001053a0 00000128 T __libctru_gtod
001054c8 00000018 T __ctru_speedup_config
001054e0 00000058 T srvExit
00105538 00000038 T srvRegisterClient
00105570 000000c4 T srvInit
00105634 0000006c T srvGetServiceHandleDirect
001056a0 00000038 T srvGetServiceHandle
001056d8 0000001c t threadFree.part.0
001056f4 000001ac T threadCreate
001058a0 00000024 T threadJoin
001058c4 00000064 T threadExit
00105928 00000040 t _thread_begin
00105968 000000ac T irrstScanInput
00105a14 00000024 T irrstKeysHeld
00105a38 00000050 T IRRST_GetHandles
00105a88 00000158 T irrstInit
00105be0 0000002c T IRRST_Shutdown
00105c0c 000000ac T irrstExit
00105cb8 0000000c T srvPmGetSessionHandle
00105cc4 00000074 T ptmSysmInit
00105d38 0000003c T ptmSysmExit
00105d74 00000034 T PTMSYSM_ConfigureNew3DSCPU
00105da8 00000014 T rbtree_init
00105dbc 0000018c t do_insert
00105f48 00000008 T rbtree_insert
00105f50 00000094 T rbtree_rotate
00105fe4 0000032c T rbtree_remove
00106310 0000006c T rbtree_find
0010637c 0000001c W __appInit
00106398 0000001c W __appExit
001063b4 000000a4 W __libctru_exit
00106458 00000084 T envGetHandle
001064dc 0000004c T envDestroyHandles
00106528 00000010 t sdmc_link
00106538 00000010 t sdmc_dirreset
00106548 00000010 t sdmc_chmod
00106558 00000024 t error_cmp
0010657c 00000050 t sdmc_translate_error
001065cc 00000034 t sdmc_fsync
00106600 00000054 t sdmc_ftruncate
00106654 000000b8 t sdmc_statvfs
0010670c 00000038 t sdmc_dirclose
00106744 00000138 t sdmc_dirnext
0010687c 00000034 t sdmc_close
001068b0 00000074 t sdmc_fstat
00106924 000000d0 t sdmc_seek
001069f4 00000084 t sdmc_read
00106a78 000000c0 t sdmc_write
00106b38 000001a8 t sdmc_utf16path
00106ce0 00000074 t sdmc_rmdir
00106d54 000000a0 t sdmc_diropen
00106df4 000000a0 t sdmc_chdir
00106e94 00000098 t sdmc_mkdir
00106f2c 00000108 t sdmc_rename
00107034 00000074 t sdmc_unlink
001070a8 00000108 t sdmc_stat
001071b0 00000198 t sdmc_open
00107348 00000010 t sdmc_fchmod
00107358 00000168 T sdmcInit
001074c0 00000060 T sdmcExit
00107520 00000028 t fsSessionForArchive.part.0
00107548 000000d0 T fsInit
00107618 0000003c T fsExit
00107654 00000074 T fsExemptFromSession
001076c8 00000050 T fsUnexemptFromSession
00107718 000000c0 T FSUSER_OpenFile
001077d8 000000a8 T FSUSER_DeleteFile
00107880 000000e0 T FSUSER_RenameFile
00107960 000000a8 T FSUSER_DeleteDirectory
00107a08 000000c0 T FSUSER_CreateFile
00107ac8 000000b0 T FSUSER_CreateDirectory
00107b78 000000e0 T FSUSER_RenameDirectory
00107c58 000000a4 T FSUSER_OpenDirectory
00107cfc 00000098 T FSUSER_OpenArchive
00107d94 00000074 T FSUSER_CloseArchive
00107e08 00000078 T FSUSER_GetSdmcArchiveResource
00107e80 00000064 T FSUSER_IsSdmcWritable
00107ee4 00000058 T FSFILE_Read
00107f3c 00000064 T FSFILE_Write
00107fa0 00000038 T FSFILE_GetSize
00107fd8 00000028 T FSFILE_SetSize
00108000 0000003c T FSFILE_Close
0010803c 00000024 T FSFILE_Flush
00108060 00000054 T FSDIR_Read
001080b4 0000003c T FSDIR_Close
001080f0 00000074 T rbtree_node_next
00108164 000000e8 T utf16_to_utf8
0010824c 00000060 T decode_utf16
001082ac 00000138 T decode_utf8
001083e4 000000c0 T utf8_to_utf16
001084a4 T __aeabi_read_tp
001084b0 00000068 T encode_utf16
00108518 00000104 T encode_utf8
0010861c 00000158 T __udivmoddi4
00108774 00000074 T bsearch
001087e8 00000040 T __libc_fini_array
00108828 0000007c T __libc_init_array
001088a4 00000020 T memalign
001088c4 00000158 T _memalign_r
00108a1c 00000018 T malloc
00108a34 00000018 T free
00108a4c 000007a8 T _malloc_r
001091f4 00000100 T memchr
001092f4 0000010c T memcpy
00109400 00000110 T memset
00109510 0000000c T __malloc_lock
0010951c 0000000c T __malloc_unlock
00109528 00000038 T printf
00109560 000000e0 T _puts_r
00109640 00000018 T puts
00109658 00000264 T setvbuf
001098bc 00000074 T sscanf
00109930 0000003c T __sread
0010996c 00000008 T __seofread
00109974 00000064 T __swrite
001099d8 0000004c T __sseek
00109a24 00000008 T __sclose
00109a2c 0000005c T strlen
00109a88 00000098 T strncat
00109b20 000000d8 T strncpy
00109bf8 0000005c T strnlen
00109c54 000027c8 T __ssvfscanf_r
0010c41c 0000001c t __sprint_r.part.0
0010c438 0000001c T __sprint_r
0010c454 000074a0 t get_arg
001138f8 00003fd8 T _vfprintf_r
001178d0 000000d0 t __sbprintf
001179a0 000000a0 T _wcrtomb_r
00117a40 00000020 T _wcsrtombs_r
00117a60 00000148 T __swsetup_r
00117ba8 000001bc t quorem
00117d68 00001224 T _dtoa_r
00118f8c 0000026c T __sflush_r
001191f8 00000094 T _fflush_r
0011928c 0000000c T _cleanup_r
00119298 00000078 t std.isra.0
00119310 0000008c T __sinit
0011939c 0000000c T __sfp_lock_acquire
001193a8 0000000c T __sfp_lock_release
001193b4 000000f8 T _malloc_trim_r
001194ac 000002e4 T _free_r
00119790 00000498 T __sfvwrite_r
00119c28 00000078 T _fwalk_reent
00119ca0 00000074 T iswspace
00119d14 000001e0 t __jp2uc
00119ef4 000000c4 T _jp2uc
00119fb8 00000008 T __localeconv_l
00119fc0 00000024 T _localeconv_r
00119fe4 00000024 T __locale_mb_cur_max
0011a008 00000008 T __locale_ctype_ptr_l
0011a010 00000024 T __locale_ctype_ptr
0011a034 00000094 T __swhatbuf_r
0011a0c8 000000f4 T __smakebuf_r
0011a1bc 000000b4 T _mbrtowc_r
0011a270 000002fc T __utf8_mbtowc
0011a56c 0000013c T memmove
0011a6a8 00000088 T _Balloc
0011a730 0000001c T _Bfree
0011a74c 000000d0 T __multadd
0011a81c 000000e0 T __s2b
0011a8fc 00000058 T __hi0bits
0011a954 0000009c T __lo0bits
0011a9f0 00000020 T __i2b
0011aa10 000001d4 T __multiply
0011abe4 00000100 T __pow5mult
0011ace4 000000e8 T __lshift
0011adcc 0000005c T __mcmp
0011ae28 00000168 T __mdiff
0011af90 00000078 T __ulp
0011b008 000000d0 T __b2d
0011b0d8 00000104 T __d2b
0011b1dc 00000084 T __ratio
0011b260 00000088 T __copybits
0011b2e8 00000078 T __any_on
0011b360 000004d0 T _realloc_r
0011b830 000000cc T __sccl
0011b8fc 0000000c T nanf
0011b908 0000009c T frexp
0011b9a4 00000064 T sprintf
0011ba08 000000f8 T stpncpy
0011bb00 00000180 T strchr
0011bc80 000000f8 T strncmp
0011bd78 00000054 t sulp
0011bdd0 00001464 T _strtod_l
0011d234 0000003c T _strtod_r
0011d270 00000274 t _strtoll_l.isra.0
0011d4e4 00000050 T _strtoll_r
0011d534 000001bc t _strtol_l.isra.0
0011d6f0 00000050 T _strtol_r
0011d740 00000260 t _strtoull_l.isra.0
0011d9a0 00000050 T _strtoull_r
0011d9f0 000001d0 t _strtoul_l.isra.0
0011dbc0 00000050 T _strtoul_r
0011dc10 00000188 T __ssprint_r
0011dd98 000000dc T _sungetc_r
0011de74 0000006c T __ssrefill_r
0011dee0 000000c8 T _sfread_r
0011dfa8 000074a0 t get_arg
00125448 00003e2c T _svfprintf_r
00129274 000000a4 T __submore
00129318 00000170 T _wcsnrtombs_l
00129488 00000064 T _wcsnrtombs_r
001294ec 000000e8 T __utf8_wctomb
001295d4 00000090 T _calloc_r
00129664 00000164 T _fclose_r
001297c8 00000104 t rshift
001298cc 000007f8 T __gethex
0012a0c4 00000060 T __match
0012a124 00000254 T __hexnan
0012a378 00000008 t null_write
0012a380 00000018 T setDefaultDevice
0012a398 000000cc T FindDevice
0012a464 00000028 T RemoveDevice
0012a48c 00000098 T AddDevice
0012a524 00000084 T _close_r
0012a5a8 00000074 T _fstat_r
0012a61c 00000008 T _isatty_r
0012a624 00000084 T _lseek_r
0012a6a8 00000080 T _read_r
0012a728 00000070 T _sbrk_r
0012a798 00000080 T _write_r
0012a818 000001cc T _concatenate_path
0012a9e4 0000015c T chdir
0012ab40 00000008 T __flockfile
0012ab48 00000008 T __funlockfile
0012ab50 00000018 T __libc_lock_acquire
0012ab68 00000018 T __libc_lock_release
0012ab80 00000018 T __libc_lock_init_recursive
0012ab98 00000018 T __libc_lock_acquire_recursive
0012abb0 00000018 T __libc_lock_release_recursive
0012abc8 00000018 T __libc_lock_close_recursive
0012abe0 0000008c T __release_handle
0012ac6c 00000018 T __get_handle
0012ac84 00000028 T __getreent
0012acac 00000044 T strrchr
0012acf0 T _fini
0012b000 R brew_bgr
00163400 R brew_bgr_end
00163400 R brew_bgr_size
00163404 R default_font_bin
00163c04 R default_font_bin_end
00163c04 R default_font_bin_size
00163cf4 00000030 r colorTable
00163d78 00000068 r dotab_stdout
00163df0 00000014 r CSWTCH.61
00163e04 00000008 r framebufferInfoSt
00163e64 00000030 r error_table
00163eb8 00000022 r basefix.8603
00163f1c r .LC2
00163f20 00000010 r blanks.8577
00163f30 00000010 r zeroes.8578
00163f64 000000bc r a1
00164020 000000bc r a2
001640dc 0000005b r a3
00164138 00000070 r a6
001641a8 000000a2 r a7
0016424c 00000040 r a8
0016428c 0000172a r b02cf
001659b8 00001a7c r d02f4
00167480 00000028 R __mprec_bigtens
001674a8 000000c8 R __mprec_tens
00167570 0000000c r p05.7353
0016758c 00000014 r fpi.7439
001675a0 00000014 r fpinan.7475
001675b8 00000028 r tinytens
001675e0 0000006c R __action_table
0016764c 00000100 R __chclass
0016774c 0000006c R __state_table
001677b8 00000010 r blanks.8562
001677c8 00000010 r zeroes.8563
001677d8 00000101 R _ctype_
001678dc 00000100 R __hexdig
001679e4 00000068 R dotab_stdnull
00167a4c 00000003 R DIRECTORY_PARENT
00167a50 r __EH_FRAME_BEGIN__
00167a50 R __exidx_end
00167a50 R __exidx_start
00168000 W __stacksize__
00168004 00000004 D currentConsole
00168008 0000004c D defaultConsole
00168054 00000001 d firstConsoleInit.7969
00168055 00000001 d botFormat
00168058 00000008 d doubleBuf
00168060 00000001 d topFormat
00168064 00000004 d gspLastEvent
00168068 00000004 d aptFlags
0016806c 00000004 V __ctru_linear_heap_size
00168070 00000401 d __cwd
00168474 00000068 d sdmc_devoptab
001684dc 00000004 D _impure_ptr
001684e0 00000460 d impure_data
00168940 00000408 D __malloc_av_
00168d48 00000004 D __malloc_sbrk_base
00168d4c 00000004 D __malloc_trim_threshold
00168d50 0000000c d __malloc_lock_object
00168d5c 0000000c d __sfp_lock
00168d68 0000000c d __sinit_lock
00168d74 0000016c D __global_locale
00168ee0 00000004 d defaultDevice
00168ee4 00000040 D devoptab_list
00168f24 00001000 d _current_working_directory
00169f24 00000004 d __hndl_lock
00169f28 0000000c d __stderr_handle
00169f34 0000000c d __stdin_handle
00169f40 0000000c d __stdout_handle
00169f4c 00001000 d handles
0016af4c D __TMC_END__
0016af4c d __TMC_LIST__
0016af4c t __frame_dummy_init_array_entry
0016af4c T __init_array_start
0016af4c B __preinit_array_end
0016af4c B __preinit_array_start
0016af4c D __tdata_lma
0016af4c D __tdata_lma_end
0016af50 t __do_global_dtors_aux_fini_array_entry
0016af50 T __fini_array_start
0016af50 T __init_array_end
0016af54 T __bss_start__
0016af54 T __fini_array_end
0016af54 b saved_stack
0016af5c b completed.7759
0016af60 b object.7764
0016af78 00000002 b currentBuffer
0016af7a 00000001 b enable3d
0016af7c 00000004 b screenAlloc
0016af80 00000004 b screenFree
0016af84 00000004 b gspEvent
0016af88 0000001c b gspEventCb
0016afa4 0000001c b gspEventCbData
0016afc0 00000007 b gspEventCbOneShot
0016afc8 0000001c b gspEventCounts
0016afe4 00000004 b gspEventData
0016afe8 00000004 b gspEventThread
0016afec 00000038 b gspEvents
0016b024 00000004 b gspRefCount
0016b028 00000001 b gspRunEvents
0016b029 00000001 b aptChainloadMediatype
0016b030 00000008 b aptChainloadTid
0016b038 00000004 b aptEventHandlerThread
0016b03c 0000000c b aptEvents
0016b048 0000000c b aptFirstHook
0016b054 00000001 b aptHomeButtonState
0016b058 00000004 b aptLockHandle
0016b05c 00000004 b aptMessageFunc
0016b060 00000004 b aptMessageFuncData
0016b064 00001000 b aptParameters
0016c064 00000004 b aptRefCount
0016c068 00000008 b aptSleepEvent
0016c070 00000001 b flagInit.8115
0016c071 00000001 b flagValue.8116
0016c074 00000004 b serviceName.7754
0016c078 00000006 b aVec
0016c080 00000004 b cPos
0016c084 00000006 b gRate
0016c08c 00000004 b hidRefCount
0016c090 00000004 b kDown
0016c094 00000004 b kHeld
0016c098 00000004 b kOld
0016c09c 00000004 b kUp
0016c0a0 00000004 b tPos
0016c0a4 00000004 V __ctru_heap_size
0016c0a8 0000000c b sAddrMap
0016c0b4 00000008 b sVramPool
0016c0bc 00000008 b sMappablePool
0016c0c4 0000000c b sAddrMap
0016c0d0 00000008 b sLinearPool
0016c0d8 0000000c b sAddrMap
0016c0e4 00000004 b arbiter
0016c0e8 00000001 V __ctru_speedup
0016c0ec 00000004 b srvHandle
0016c0f0 00000004 b srvRefCount
0016c0f4 00000004 b csPos
0016c0f8 00000004 b irrstRefCount
0016c0fc 00000004 b kHeld
0016c100 00000004 b srvPmHandle
0016c104 00000004 b ptmSysmHandle
0016c108 00000004 b ptmSysmRefCount
0016c110 00000008 b sdmcArchive
0016c118 00000001 b sdmcInitialised
0016c120 00000080 b fsExemptArchives
0016c1a0 00000004 b fsuHandle
0016c1a4 00000004 b fsuRefCount
0016c1a8 00000028 B __malloc_current_mallinfo
0016c1d0 00000004 B __malloc_max_sbrked_mem
0016c1d4 00000004 B __malloc_max_total_mem
0016c1d8 00000004 B __malloc_top_pad
0016c1dc 00000004 b heap_start.7089
0016c1e0 00000004 B fake_heap_end
0016c1e4 00000004 B fake_heap_start
0016c1e8 00001000 b temp_cwd
0016d1e8 00000038 B __syscalls
0016d220 0000004c B currentCopy
0016d26c 00000008 B gfxBottomFramebuffers
0016d274 00000004 B gspSharedMemHandle
0016d278 0000001c B bottomFramebufferInfo
0016d294 00000004 B gspEvent
0016d298 00000008 B gfxTopLeftFramebuffers
0016d2a0 00000008 B gfxTopRightFramebuffers
0016d2a8 0000001c B topFramebufferInfo
0016d2c4 00000001 B gfxThreadID
0016d2c8 00000004 B gfxSharedMemory
0016d2cc 00000004 B gfxTopFramebufferMaxSize
0016d2d0 00000004 B gfxBottomFramebufferMaxSize
0016d2d4 00000004 B gxCmdBuf
0016d2d8 00000004 B gspGpuHandle
0016d2dc 00000004 B hidMemHandle
0016d2e0 00000004 B hidHandle
0016d2e4 00000004 B hidSharedMem
0016d2e8 00000014 B hidEvents
0016d2fc 00000004 B __system_retAddr
0016d300 00000004 B __ctru_linear_heap
0016d304 00000004 B __ctru_heap
0016d308 00000004 B __system_argv
0016d30c 00000004 B __system_argc
0016d310 00000004 B irrstHandle
0016d314 00000004 B irrstEvent
0016d318 00000004 B irrstMemHandle
0016d31c 00000004 B irrstSharedMem
0016d320 B __tls_start
0016e72c B __bss_end__
0016e72c A __end__
0016e72c B __tls_end
