0000000000000000 0000000000000401 b __fixedpath
0000000000000000 T _start
0000000000000000 A __start__
0000000000000000 b _TLS_MODULE_BASE_
0000000000000080 t startup
00000000000000b0 t bss_loop
0000000000000104 T __nx_exit
0000000000000118 T _init
0000000000000180 0000000000000054 t sulp
00000000000001e0 000000000000022c T main
0000000000000408 0000000000002000 b tmp_buffer.6027
0000000000000410 t deregister_tm_clones
0000000000000440 t register_tm_clones
0000000000000480 t __do_global_dtors_aux
00000000000004c8 t frame_dummy
0000000000000500 00000000000002b4 T consoleDrawChar
00000000000007c0 0000000000000164 T consolePrintChar
0000000000000930 000000000000018c t consoleClearLine
0000000000000ac0 00000000000001c4 t newRow
0000000000000c90 00000000000001bc t consoleCls
0000000000000e50 00000000000000f4 T consoleInit
0000000000000f50 0000000000000864 t con_write
00000000000017c0 000000000000000c T consoleClear
00000000000017d0 0000000000000034 t ipcCloseObjectById
0000000000001810 0000000000000120 t _appletGetHandle
0000000000001930 00000000000000e0 t _appletGetOperationMode.constprop.12
0000000000001a10 00000000000000e0 t _appletGetPerformanceMode.constprop.13
0000000000001af0 00000000000000e8 t _appletReceiveMessage
0000000000001be0 00000000000000e0 t _appletGetCurrentFocusState.constprop.14
0000000000001cc0 00000000000000cc t _appletAcquireForegroundRights
0000000000001d90 00000000000000d4 t _appletSetOperationModeChangedNotification.constprop.15
0000000000001e70 00000000000000cc t _appletSetOutOfFocusSuspendingEnabled
0000000000001f40 00000000000000d4 t _appletSetPerformanceModeChangedNotification.constprop.16
0000000000002020 00000000000000d4 t _appletSetFocusHandlingMode
0000000000002100 00000000000000e0 t _appletGetAppletResourceUserId.constprop.10
00000000000021e0 0000000000000148 t _appletGetSessionProxy.constprop.9
0000000000002330 00000000000003cc T appletExit
0000000000002408 0000000000002000 b tmp_buffer.6051
0000000000002700 0000000000000028 T appletHook
0000000000002730 0000000000000034 T appletUnhook
0000000000002770 0000000000000028 T appletGetAppletResourceUserId
00000000000027a0 000000000000011c T appletNotifyRunning
00000000000028c0 0000000000000578 T appletInitialize
0000000000002e40 00000000000000e8 T appletCreateManagedDisplayLayer
0000000000002f30 000000000000000c T appletGetOperationMode
0000000000002f40 000000000000015c T appletMainLoop
00000000000030a0 0000000000000128 t _hidGetSharedMemoryHandle.constprop.6
00000000000031d0 0000000000000138 t _hidCreateAppletResource.constprop.5
0000000000003310 0000000000000034 t ipcCloseObjectById
0000000000003350 00000000000000bc T hidExit
0000000000003410 00000000000001a4 T hidReset
00000000000035c0 00000000000000b0 T hidInitialize
0000000000003670 000000000000000c T hidGetSharedmemAddr
0000000000003680 000000000000006c T hidKeysHeld
00000000000036f0 000000000000006c T hidKeysDown
0000000000003760 000000000000006c T hidKeysUp
00000000000037d0 000000000000000c T hidTouchCount
00000000000037e0 0000000000000470 T hidScanInput
0000000000003c50 0000000000000044 T smAddOverrideHandle
0000000000003ca0 0000000000000064 T smGetServiceOverride
0000000000003d10 0000000000000014 T smHasInitialized
0000000000003d30 0000000000000028 T smExit
0000000000003d60 0000000000000034 T smEncodeName
0000000000003da0 0000000000000128 T smGetServiceOriginal
0000000000003ed0 0000000000000148 T smInitialize
0000000000004020 0000000000000074 T smGetService
00000000000040a0 00000000000000bc T fatalSimple
0000000000004160 0000000000000034 t ipcCloseObjectById
00000000000041a0 0000000000000128 t _apmGetSession.constprop.3
00000000000042d0 00000000000000ac T apmExit
0000000000004380 0000000000000074 T apmInitialize
0000000000004400 00000000000000cc T apmSetPerformanceConfiguration
00000000000044d0 00000000000000c4 t _gfxDequeueBuffer.part.0
00000000000045a0 0000000000000038 t _gfxQueueBuffer.part.1
00000000000045e0 00000000000000e8 T gfxConfigureCrop
00000000000046d0 0000000000000014 T gfxConfigureResolution
00000000000046f0 0000000000000068 t _gfxAutoResolutionAppletHook
0000000000004760 000000000000011c T gfxConfigureAutoResolution
0000000000004880 0000000000000194 T gfxExit
0000000000004a20 0000000000000054 T _gfxGraphicBufferInit
0000000000004a80 0000000000000080 T gfxWaitForVsync
0000000000004b00 00000000000005f0 T gfxInitDefault
00000000000050f0 0000000000000060 T gfxSwapBuffers
0000000000005150 000000000000006c T gfxGetFramebuffer
00000000000051c0 000000000000000c T gfxSetMode
00000000000051d0 0000000000000124 T gfxFlushBuffers
0000000000005300 000000000000003c t nvmapobjClose
0000000000005340 0000000000000070 t nvmapobjInitialize.part.0
00000000000053b0 0000000000000074 t nvmapobjSetup.constprop.2
0000000000005430 0000000000000bd4 T nvgfxInitialize
0000000000006010 000000000000012c T nvgfxExit
0000000000006140 0000000000000068 T nvgfxEventWait
00000000000061b0 0000000000000040 T nvgfxGetFramebuffer
00000000000061f0 0000000000000040 T nvioctlNvhostCtrl_EventWait
0000000000006230 000000000000003c T nvioctlNvhostCtrlGpu_ZCullGetCtxSize
0000000000006270 0000000000000054 T nvioctlNvhostCtrlGpu_ZCullGetInfo
00000000000062d0 0000000000000088 T nvioctlNvhostCtrlGpu_GetCharacteristics
0000000000006360 000000000000005c T nvioctlNvhostCtrlGpu_GetTpcMasks
00000000000063c0 000000000000003c T nvioctlNvhostCtrlGpu_GetL2State
0000000000006400 0000000000000024 T nvioctlNvhostAsGpu_BindChannel
0000000000006430 0000000000000044 T nvioctlNvhostAsGpu_AllocSpace
0000000000006480 0000000000000050 T nvioctlNvhostAsGpu_MapBufferEx
00000000000064d0 0000000000000064 T nvioctlNvhostAsGpu_GetVARegions
0000000000006540 000000000000003c T nvioctlNvhostAsGpu_InitializeEx
0000000000006580 0000000000000024 T nvioctlChannel_SetNvmapFd
00000000000065b0 0000000000000030 T nvioctlChannel_AllocObjCtx
00000000000065e0 0000000000000028 T nvioctlChannel_ZCullBind
0000000000006610 0000000000000028 T nvioctlChannel_SetErrorNotifier
0000000000006640 0000000000000024 T nvioctlChannel_SetPriority
0000000000006670 0000000000000054 T nvioctlChannel_AllocGpfifoEx2
00000000000066d0 0000000000000024 T nvioctlChannel_SetUserData
0000000000006700 000000000000003c T nvioctlNvmap_Create
0000000000006740 000000000000003c T nvioctlNvmap_FromId
0000000000006780 0000000000000030 T nvioctlNvmap_Alloc
00000000000067b0 000000000000003c T nvioctlNvmap_GetId
00000000000067ec T armDCacheFlush
0000000000006810 t armDCacheFlush_L0
0000000000006828 T svcSetHeapSize
000000000000683c T svcUnmapMemory
0000000000006844 T svcQueryMemory
0000000000006858 T svcExitProcess
0000000000006860 T svcSleepThread
0000000000006868 T svcMapSharedMemory
0000000000006870 T svcUnmapSharedMemory
0000000000006878 T svcCreateTransferMemory
000000000000688c T svcCloseHandle
0000000000006894 T svcResetSignal
000000000000689c T svcWaitSynchronization
00000000000068b0 T svcArbitrateLock
00000000000068b8 T svcArbitrateUnlock
00000000000068c0 T svcConnectToNamedPort
00000000000068d4 T svcGetSystemTick
00000000000068dc T svcSendSyncRequest
00000000000068e4 T svcBreak
00000000000068ec T svcGetInfo
0000000000006900 T svcUnmapTransferMemory
0000000000006910 00000000000000ac T __nx_dynamic
00000000000069c0 00000000000000dc W __libnx_initheap
0000000000006aa0 0000000000000074 W __appInit
0000000000006b20 0000000000000024 W __appExit
0000000000006b50 0000000000000028 W __libnx_init
0000000000006b80 0000000000000020 W __libnx_exit
0000000000006ba0 00000000000001ac T envSetup
0000000000006d50 0000000000000020 T envGetMainThreadHandle
0000000000006d70 000000000000000c T envIsNso
0000000000006d80 0000000000000014 T envHasHeapOverride
0000000000006da0 000000000000000c T envGetHeapOverrideAddr
0000000000006db0 000000000000000c T envGetHeapOverrideSize
0000000000006dc0 0000000000000014 T envHasArgv
0000000000006de0 000000000000000c T envGetArgv
0000000000006df0 000000000000000c T envGetExitFuncPtr
0000000000006e00 0000000000000008 t mutexInit
0000000000006e10 000000000000000c t rmutexInit
0000000000006e20 0000000000000090 T __libnx_gtod
0000000000006eb0 0000000000000034 t __libnx_get_reent
0000000000006ef0 00000000000000ec T newlibSetup
0000000000006fe0 000000000000037c T argvSetup
0000000000007360 0000000000000098 t _CacheValues.part.0
0000000000007400 0000000000000034 T kernelAbove200
0000000000007440 0000000000000034 T kernelAbove300
0000000000007480 0000000000000030 T detectDebugger
00000000000074b0 0000000000000014 T shmemLoadRemote
00000000000074d0 000000000000009c T shmemMap
0000000000007570 0000000000000048 T shmemUnmap
00000000000075c0 0000000000000040 T shmemClose
0000000000007600 000000000000003c T rwlockReadLock
0000000000007640 0000000000000050 T rwlockReadUnlock
0000000000007690 0000000000000008 T rwlockWriteLock
00000000000076a0 0000000000000008 T rwlockWriteUnlock
00000000000076b0 0000000000000094 T mutexLock
0000000000007750 0000000000000024 T mutexUnlock
0000000000007780 000000000000004c T rmutexLock
00000000000077d0 0000000000000020 T rmutexUnlock
00000000000077f0 0000000000000068 t _GetRegionFromInfo
0000000000007860 00000000000000d4 T virtmemSetup
0000000000007940 000000000000013c T virtmemReserve
0000000000007a80 0000000000000004 T virtmemFree
0000000000007a90 0000000000000010 t fsdev_link
0000000000007aa0 0000000000000010 t fsdev_dirreset
0000000000007ab0 0000000000000010 t fsdev_chmod
0000000000007ac0 0000000000000020 t error_cmp
0000000000007ae0 0000000000000060 t fsdev_translate_error
0000000000007b40 0000000000000040 t fsdev_fsync
0000000000007b80 0000000000000064 t fsdev_ftruncate
0000000000007bf0 0000000000000020 t fsdev_dirclose
0000000000007c10 0000000000000184 t fsdev_dirnext
0000000000007da0 000000000000001c t fsdev_close
0000000000007dc0 0000000000000080 t fsdev_fstat
0000000000007e40 00000000000000b8 t fsdev_seek
0000000000007f00 0000000000000108 t fsdevFindDevice
0000000000008010 0000000000000128 t _fsdevMountDevice
0000000000008140 00000000000000b0 t _fsdevUnmountDeviceStruct.part.1
00000000000081f0 0000000000000208 t fsdev_getfspath
0000000000008400 0000000000000070 t fsdev_rmdir
0000000000008470 00000000000000d8 t fsdev_statvfs
0000000000008550 00000000000000b8 t fsdev_diropen
0000000000008610 00000000000000c4 t fsdev_chdir
00000000000086e0 0000000000000070 t fsdev_mkdir
0000000000008750 000000000000013c t fsdev_rename
0000000000008890 0000000000000070 t fsdev_unlink
0000000000008900 0000000000000174 t fsdev_stat
0000000000008a80 00000000000001ac t fsdev_open
0000000000008c30 00000000000001b4 t fsdev_read
0000000000008df0 00000000000001d0 t fsdev_write
0000000000008fc0 0000000000000010 t fsdev_fchmod
0000000000008fd0 00000000000001f0 T fsdevInit
00000000000091c0 0000000000000070 T fsdevExit
0000000000009230 0000000000000034 t ipcCloseObjectById
0000000000009270 00000000000000d4 t _nvSetClientPID
0000000000009350 00000000000000c4 t ipcQueryPointerBufferSize.constprop.6
0000000000009420 00000000000000ec t _nvInitialize.constprop.5
0000000000009510 000000000000009c T nvExit
00000000000095b0 0000000000000198 T nvInitialize
0000000000009750 0000000000000120 T nvConvertError
0000000000009870 0000000000000124 T nvOpen
00000000000099a0 00000000000001c0 T nvIoctl
0000000000009b60 00000000000000d8 T nvClose
0000000000009c40 0000000000000140 T nvQueryEvent
0000000000009d80 0000000000000034 t ipcCloseObjectById
0000000000009dc0 0000000000000138 t _timeGetSession
0000000000009f00 0000000000000194 T timeExit
000000000000a0a0 00000000000000c0 T timeInitialize
000000000000a160 000000000000012c T timeGetCurrentTime
000000000000a290 0000000000000034 t ipcCloseObjectById
000000000000a2d0 0000000000000140 t _viGetSession.constprop.6
000000000000a410 0000000000000130 t _viCreatestray_layer.isra.4
000000000000a540 0000000000000138 t _viOpenLayer
000000000000a680 0000000000000184 T viExit
000000000000a810 000000000000029c T viInitialize
000000000000aab0 000000000000000c T viGetSession_IHOSBinderDriverRelay
000000000000aac0 0000000000000140 T viOpenDisplay
000000000000ac00 00000000000000f4 T viCloseDisplay
000000000000ad00 00000000000000e0 T viOpenLayer
000000000000ade0 0000000000000104 T viCloseLayer
000000000000aef0 00000000000000e4 T viSetLayerScalingMode
000000000000afe0 0000000000000130 T viGetDisplayVsyncEvent
000000000000b110 0000000000000034 t ipcCloseObjectById
000000000000b150 0000000000000108 T fsInitialize
000000000000b260 000000000000006c T fsExit
000000000000b2d0 0000000000000128 T fsMountSdcard
000000000000b400 00000000000000f8 T fsFsCreateFile
000000000000b500 00000000000000f0 T fsFsDeleteFile
000000000000b5f0 00000000000000f0 T fsFsCreateDirectory
000000000000b6e0 00000000000000f0 T fsFsDeleteDirectory
000000000000b7d0 0000000000000110 T fsFsRenameFile
000000000000b8e0 0000000000000110 T fsFsRenameDirectory
000000000000b9f0 0000000000000108 T fsFsGetEntryType
000000000000bb00 0000000000000158 T fsFsOpenFile
000000000000bc60 0000000000000148 T fsFsOpenDirectory
000000000000bdb0 0000000000000108 T fsFsGetFreeSpace
000000000000bec0 0000000000000108 T fsFsGetTotalSpace
000000000000bfd0 0000000000000014 T fsFsClose
000000000000bff0 0000000000000104 T fsFileRead
000000000000c100 00000000000000f4 T fsFileWrite
000000000000c200 00000000000000c4 T fsFileFlush
000000000000c2d0 00000000000000c4 T fsFileSetSize
000000000000c3a0 00000000000000ec T fsFileGetSize
000000000000c490 0000000000000014 T fsFileClose
000000000000c4b0 0000000000000014 T fsDirClose
000000000000c4d0 0000000000000110 T fsDirRead
000000000000c5e0 0000000000000010 T bufferProducerInitialize
000000000000c5f0 000000000000000c T bufferProducerExit
000000000000c600 0000000000000134 T bufferProducerRequestBuffer
000000000000c740 00000000000001a0 T bufferProducerDequeueBuffer
000000000000c8e0 000000000000009c T bufferProducerDetachBuffer
000000000000c980 0000000000000120 T bufferProducerQueueBuffer
000000000000caa0 00000000000000dc T bufferProducerQuery
000000000000cb80 000000000000012c T bufferProducerConnect
000000000000ccb0 000000000000009c T bufferProducerDisconnect
000000000000cd50 0000000000000110 T bufferProducerGraphicBufferInit
000000000000ce60 00000000000001ac t _binderTransactParcelAuto
000000000000d010 000000000000013c t _binderTransactParcel
000000000000d150 0000000000000018 T binderCreateSession
000000000000d170 0000000000000014 T binderTransactParcel
000000000000d190 00000000000000e4 T binderAdjustRefcount
000000000000d280 0000000000000070 T binderExitSession
000000000000d2f0 0000000000000138 T binderGetNativeHandle
000000000000d430 00000000000001c8 T binderInitSession
000000000000d600 0000000000000028 T parcelInitialize
000000000000d630 00000000000001d0 T parcelTransact
000000000000d800 0000000000000088 T parcelWriteData
000000000000d890 000000000000008c T parcelReadData
000000000000d920 0000000000000024 T parcelWriteInt32
000000000000d950 0000000000000024 T parcelWriteUInt32
000000000000d980 0000000000000074 T parcelWriteString16
000000000000da00 0000000000000030 T parcelWriteInterfaceToken
000000000000da30 0000000000000024 T parcelReadInt32
000000000000da60 000000000000006c T parcelReadFlattenedObject
000000000000dad0 000000000000004c T parcelWriteFlattenedObject
000000000000db20 0000000000000130 T decode_utf8
000000000000dc50 T __aarch64_read_tp
000000000000dc60 000000000000007c T tmemCreate
000000000000dce0 0000000000000048 T tmemUnmap
000000000000dd30 0000000000000064 T tmemClose
000000000000dd98 00000000000000c8 T bsearch
000000000000de60 0000000000000044 T __libc_fini_array
000000000000dea8 000000000000008c T __libc_init_array
000000000000df38 0000000000000090 T iprintf
000000000000dfc8 000000000000002c T __locale_mb_cur_max
000000000000dff8 0000000000000008 T __locale_ctype_ptr_l
000000000000e000 000000000000002c T __locale_ctype_ptr
000000000000e030 000000000000002c T memalign
000000000000e060 00000000000001ac T _memalign_r
000000000000e210 0000000000000024 T malloc
000000000000e238 0000000000000024 T free
000000000000e260 00000000000008b4 T _malloc_r
000000000000eb18 00000000000002d8 T __utf8_mbtowc
000000000000edf0 00000000000000d8 T memchr
000000000000ef00 000000000000016c T memcpy
000000000000f080 00000000000001d8 T memset
000000000000f258 000000000000000c T __malloc_lock
000000000000f268 000000000000000c T __malloc_unlock
000000000000f278 0000000000000090 T printf
000000000000f308 0000000000000028 T putchar
000000000000f330 00000000000000e4 T _putc_r
000000000000f418 0000000000000270 T setvbuf
000000000000f688 00000000000000c8 T sscanf
000000000000f750 0000000000000050 T __sread
000000000000f7a0 0000000000000008 T __seofread
000000000000f7a8 0000000000000068 T __swrite
000000000000f810 0000000000000054 T __sseek
000000000000f868 0000000000000008 T __sclose
000000000000f870 00000000000000dc T strchr
000000000000f980 00000000000000a4 T strcmp
000000000000fa40 0000000000000140 T strlen
000000000000fb80 0000000000000088 T strncat
000000000000fc5c 0000000000000108 T strncmp
000000000000fd68 00000000000000b4 T strncpy
000000000000fe64 00000000000000e0 T strnlen
000000000000ff20 00000000000001d8 t _strtol_l.isra.0
00000000000100f8 0000000000000058 T _strtol_r
0000000000010150 000000000000005c t get_arg
00000000000101ac 0000000000002f30 T __ssvfscanf_r
00000000000130dc 0000000000000778 t get_arg
0000000000013854 000000000000003c T __sprint_r
0000000000013890 0000000000002944 T _vfiprintf_r
00000000000161d4 00000000000000f4 t __sbprintf
00000000000162c8 0000000000000778 t get_arg
0000000000016a40 0000000000003bc0 T _vfprintf_r
000000000001a600 00000000000000f4 t __sbprintf
000000000001a6f8 000000000000012c T __swbuf_r
000000000001a828 00000000000000dc T _wcrtomb_r
000000000001a908 0000000000000010 T _wcsrtombs_r
000000000001a918 00000000000000e8 T __utf8_wctomb
000000000001aa00 000000000000013c T __swsetup_r
000000000001ab40 00000000000001b0 t quorem
000000000001acf0 00000000000011c4 T _dtoa_r
000000000001beb8 0000000000000278 T __sflush_r
000000000001c130 00000000000000a4 T _fflush_r
000000000001c1d8 0000000000000078 t std
000000000001c250 000000000000000c T _cleanup_r
000000000001c260 000000000000000c T __sfp_lock_acquire
000000000001c270 000000000000000c T __sfp_lock_release
000000000001c280 000000000000000c T __sinit_lock_acquire
000000000001c290 000000000000000c T __sinit_lock_release
000000000001c2a0 0000000000000080 T __sinit
000000000001c320 000000000000011c T _malloc_trim_r
000000000001c440 0000000000000314 T _free_r
000000000001c758 00000000000004f4 T __sfvwrite_r
000000000001cc50 00000000000000cc T _fwalk_reent
000000000001cd20 0000000000000080 T iswspace
000000000001cda0 000000000000024c t __jp2uc
000000000001cff0 00000000000000d0 T _jp2uc
000000000001d0c0 0000000000000008 T __localeconv_l
000000000001d0c8 0000000000000028 T _localeconv_r
000000000001d0f0 00000000000000ac T __swhatbuf_r
000000000001d1a0 0000000000000110 T __smakebuf_r
000000000001d2b0 00000000000000f4 T _mbrtowc_r
000000000001d3c0 00000000000000ac T memmove
000000000001d470 00000000000000a4 T _Balloc
000000000001d518 000000000000001c T _Bfree
000000000001d538 00000000000000e0 T __multadd
000000000001d618 0000000000000120 T __s2b
000000000001d738 000000000000005c T __hi0bits
000000000001d798 00000000000000a8 T __lo0bits
000000000001d840 000000000000002c T __i2b
000000000001d870 00000000000001d8 T __multiply
000000000001da48 0000000000000108 T __pow5mult
000000000001db50 0000000000000144 T __lshift
000000000001dc98 0000000000000054 T __mcmp
000000000001dcf0 0000000000000164 T __mdiff
000000000001de58 0000000000000074 T __ulp
000000000001ded0 0000000000000154 T __b2d
000000000001e028 000000000000012c T __d2b
000000000001e158 00000000000000a0 T __ratio
000000000001e1f8 0000000000000068 T __copybits
000000000001e260 0000000000000088 T __any_on
000000000001e2e8 000000000000002c T realloc
000000000001e318 000000000000055c T _realloc_r
000000000001e878 00000000000000b4 T __sccl
000000000001e930 000000000000000c T nanf
000000000001e940 0000000000000094 T frexp
000000000001e9d8 00000000000000b0 T sprintf
000000000001ea88 00000000000000c8 T stpncpy
000000000001eb50 0000000000001110 T _strtod_l
000000000001fc60 0000000000000050 T _strtod_r
000000000001fcb0 00000000000001d8 t _strtoll_l.isra.0
000000000001fe88 0000000000000058 T _strtoll_r
000000000001fee0 00000000000001e0 t _strtoull_l.isra.0
00000000000200c0 0000000000000058 T _strtoull_r
0000000000020118 00000000000001e0 t _strtoul_l.isra.0
00000000000202f8 0000000000000058 T _strtoul_r
0000000000020350 00000000000001c0 T __ssprint_r
0000000000020510 00000000000000f4 T _sungetc_r
0000000000020604 0000000000000070 T __ssrefill_r
0000000000020674 00000000000000cc T _sfread_r
0000000000020740 0000000000000778 t get_arg
0000000000020eb8 0000000000003afc T _svfprintf_r
00000000000249b8 00000000000000d8 T __submore
0000000000024a90 00000000000001d4 T _wcsnrtombs_l
0000000000024c68 0000000000000074 T _wcsnrtombs_r
0000000000024ce0 0000000000000090 T _calloc_r
0000000000024d70 000000000000018c T _fclose_r
0000000000024f00 00000000000000f0 t rshift
0000000000024ff0 00000000000007c0 T __gethex
00000000000257b0 0000000000000048 T __match
00000000000257f8 0000000000000228 T __hexnan
0000000000025a20 0000000000000008 t null_write
0000000000025a28 0000000000000018 T setDefaultDevice
0000000000025a40 0000000000000114 T FindDevice
0000000000025b58 0000000000000034 T RemoveDevice
0000000000025b90 00000000000000d8 T AddDevice
0000000000025c68 00000000000000b8 T _close_r
0000000000025d20 0000000000000080 T _fstat_r
0000000000025da0 0000000000000008 T _isatty_r
0000000000025da8 0000000000000094 T _lseek_r
0000000000025e40 0000000000000098 T _read_r
0000000000025ed8 000000000000007c T _sbrk_r
0000000000025f58 0000000000000098 T _write_r
0000000000025ff0 000000000000024c T _concatenate_path
0000000000026240 0000000000000198 T chdir
00000000000263d8 000000000000001c T __libc_lock_acquire
00000000000263f8 000000000000001c T __libc_lock_release
0000000000026418 000000000000001c T __libc_lock_init_recursive
0000000000026438 000000000000001c T __libc_lock_acquire_recursive
0000000000026458 000000000000001c T __libc_lock_release_recursive
0000000000026478 000000000000001c T __libc_lock_close_recursive
0000000000026498 000000000000003c T __free_handle
00000000000264d8 000000000000005c T __release_handle
0000000000026538 0000000000000020 T __get_handle
0000000000026558 0000000000000028 T __getreent
0000000000026580 0000000000000120 t __extenddftf2
00000000000266a0 000000000000035c t __trunctfdf2
0000000000026a00 0000000000000070 t __sfp_handle_exceptions
0000000000026a70 0000000000000100 T strrchr
0000000000026b70 T _fini
00000000000275a0 0000000000000060 r colorTable
000000000002772c R default_font_bin
000000000002972c R default_font_bin_end
000000000002972c R default_font_bin_size
0000000000029738 0000000000000018 r error_table
00000000000298c0 0000000000000022 r basefix.6273
0000000000029a58 0000000000000010 r blanks.6215
0000000000029a68 0000000000000010 r zeroes.6216
0000000000029be8 0000000000000010 r blanks.6247
0000000000029bf8 0000000000000010 r zeroes.6248
0000000000029c08 0000000000000101 R _ctype_
0000000000029d60 00000000000000bc r a1
0000000000029e20 00000000000000bc r a2
0000000000029ee0 000000000000005b r a3
0000000000029f40 0000000000000070 r a6
0000000000029fb0 00000000000000a2 r a7
000000000002a058 0000000000000040 r a8
000000000002a098 000000000000172a r b02cf
000000000002b7c8 0000000000001a7c r d02f4
000000000002d248 0000000000000028 R __mprec_bigtens
000000000002d270 00000000000000c8 R __mprec_tens
000000000002d338 000000000000000c r p05.5022
000000000002d388 0000000000000014 r fpi.5102
000000000002d3a0 0000000000000014 r fpinan.5138
000000000002d3b8 0000000000000028 r tinytens
000000000002d3e0 000000000000006c R __action_table
000000000002d450 0000000000000100 R __chclass
000000000002d550 000000000000006c R __state_table
000000000002d708 0000000000000010 r blanks.6232
000000000002d718 0000000000000010 r zeroes.6233
000000000002d728 0000000000000100 R __hexdig
000000000002d830 0000000000000003 R DIRECTORY_PARENT
000000000002d840 r __EH_FRAME_BEGIN__
000000000002d9fc r __FRAME_END__
000000000002da00 a _DYNAMIC
0000000000031000 t __frame_dummy_init_array_entry
0000000000031000 T __init_array_start
0000000000031000 B __preinit_array_end
0000000000031000 B __preinit_array_start
0000000000031000 D __tdata_lma
0000000000031000 D __tdata_lma_end
0000000000031008 t __do_global_dtors_aux_fini_array_entry
0000000000031008 T __fini_array_start
0000000000031008 T __init_array_end
0000000000031010 T __fini_array_end
0000000000031010 a _GLOBAL_OFFSET_TABLE_
0000000000031010 T __got_start__
0000000000031270 0000000000000001 d firstConsoleInit.5379
0000000000031270 D __got_end__
0000000000031278 0000000000000008 D currentConsole
0000000000031280 0000000000000068 D defaultConsole
00000000000312e8 00000000000000d0 d dotab_stdout
00000000000313b8 0000000000000001 V __nx_applet_auto_notifyrunning
00000000000313bc 0000000000000004 V __nx_applet_type
00000000000313c0 0000000000000004 d g_gfxMode
00000000000313c8 0000000000000054 d g_gfxQueueBufferData
0000000000031420 000000000000016c d g_gfx_BufferInitData
000000000003158c 0000000000000001 D g_gfx_drawflip
0000000000031590 0000000000000004 V __nx_time_type
0000000000031598 0000000000000401 d __cwd
000000000003199c 0000000000000004 d fsdev_fsdevice_cwd
00000000000319a0 0000000000000004 d fsdev_fsdevice_default
00000000000319a8 00000000000000d0 d fsdev_devoptab
0000000000031a78 0000000000000004 d g_nvServiceType
0000000000031a7c 0000000000000004 d g_viServiceType
0000000000031a80 0000000000000023 d g_bufferProducer_InterfaceDescriptor
0000000000031aa8 0000000000000008 D _impure_ptr
0000000000031ab0 0000000000000768 d impure_data
0000000000032218 00000000000001a8 D __global_locale
00000000000323c0 0000000000000008 D __malloc_sbrk_base
00000000000323c8 0000000000000008 D __malloc_trim_threshold
00000000000323d0 0000000000000810 D __malloc_av_
0000000000032be0 0000000000000004 d defaultDevice
0000000000032be8 0000000000000080 D devoptab_list
0000000000032c68 00000000000000d0 D dotab_stdnull
0000000000032d38 0000000000000400 d _current_working_directory
0000000000033138 0000000000000010 d __stderr_handle
0000000000033148 0000000000000010 d __stdin_handle
0000000000033158 0000000000000010 d __stdout_handle
0000000000033168 0000000000002000 d handles
0000000000035168 D __bss_start__
0000000000035168 b completed.5082
0000000000035168 D __TMC_END__
0000000000035170 b object.5087
00000000000351a0 0000000000000008 V __nx_applet_PerformanceConfiguration
00000000000351a8 0000000000000018 b g_appletFirstHook
00000000000351c0 0000000000000001 b g_appletFocusState
00000000000351c8 000000000000000c b g_appletIAudioController
00000000000351d8 000000000000000c b g_appletICommonStateGetter
00000000000351e8 000000000000000c b g_appletIDebugFunctions
00000000000351f8 000000000000000c b g_appletIDisplayController
0000000000035208 000000000000000c b g_appletIFunctions
0000000000035218 000000000000000c b g_appletILibraryAppletCreator
0000000000035228 000000000000000c b g_appletILibraryAppletSelfAccessor
0000000000035238 000000000000000c b g_appletIProcessWindingController
0000000000035248 000000000000000c b g_appletISelfController
0000000000035258 000000000000000c b g_appletIWindowController
0000000000035264 0000000000000004 b g_appletMessageEventHandle
0000000000035268 0000000000000001 b g_appletNotifiedRunning
0000000000035269 0000000000000001 b g_appletOperationMode
000000000003526c 0000000000000004 b g_appletPerformanceMode
0000000000035270 000000000000000c b g_appletProxySession
0000000000035280 0000000000000008 b g_appletResourceUserId
0000000000035288 000000000000000c b g_appletSrv
0000000000035298 0000000000000050 b g_controllerDown
00000000000352e8 00000000000001e0 b g_controllerEntries
00000000000354c8 0000000000000050 b g_controllerHeld
0000000000035518 0000000000000028 b g_controllerLayout
0000000000035540 0000000000000050 b g_controllerOld
0000000000035590 0000000000000004 b g_controllerP1AutoID
0000000000035598 0000000000000050 b g_controllerTimestamps
00000000000355e8 0000000000000050 b g_controllerUp
0000000000035638 000000000000000c b g_hidIAppletResource
0000000000035648 0000000000000020 b g_hidLock
0000000000035668 0000000000000020 b g_hidSharedmem
0000000000035688 000000000000000c b g_hidSrv
0000000000035698 0000000000000020 b g_keyboardDown
00000000000356b8 0000000000000038 b g_keyboardEntry
00000000000356f0 0000000000000020 b g_keyboardHeld
0000000000035710 0000000000000008 b g_keyboardModDown
0000000000035718 0000000000000008 b g_keyboardModHeld
0000000000035720 0000000000000008 b g_keyboardModOld
0000000000035728 0000000000000008 b g_keyboardModUp
0000000000035730 0000000000000020 b g_keyboardOld
0000000000035750 0000000000000008 b g_keyboardTimestamp
0000000000035758 0000000000000020 b g_keyboardUp
0000000000035778 0000000000000008 b g_mouseDown
0000000000035780 0000000000000030 b g_mouseEntry
00000000000357b0 0000000000000008 b g_mouseHeld
00000000000357b8 0000000000000008 b g_mouseOld
00000000000357c0 0000000000000008 b g_mouseTimestamp
00000000000357c8 0000000000000008 b g_mouseUp
00000000000357d0 0000000000000298 b g_touchEntry
0000000000035a68 0000000000000008 b g_touchTimestamp
0000000000035a70 0000000000000004 b g_smHandle
0000000000035a78 0000000000000200 b g_smOverrides
0000000000035c78 0000000000000008 b g_smOverridesNum
0000000000035c80 000000000000000c b g_apmISession
0000000000035c90 000000000000000c b g_apmSrv
0000000000035ca0 0000000000000020 b g_gfxBinderSession
0000000000035cc0 0000000000000004 b g_gfxCurrentBuffer
0000000000035cc4 0000000000000004 b g_gfxCurrentProducerBuffer
0000000000035cc8 0000000000000050 b g_gfxDisplay
0000000000035d18 0000000000000004 b g_gfxDisplayVsyncEvent
0000000000035d20 0000000000000008 b g_gfxFramebuf
0000000000035d28 0000000000000008 b g_gfxFramebufLinear
0000000000035d30 0000000000000008 b g_gfxFramebufSize
0000000000035d38 0000000000000001 b g_gfxInitialized
0000000000035d40 0000000000000010 b g_gfxLayer
0000000000035d50 0000000000000100 b g_gfxNativeWindow
0000000000035e50 0000000000000004 b g_gfxNativeWindow_ID
0000000000035e58 0000000000000008 b g_gfxNativeWindow_Size
0000000000035e60 0000000000000004 b g_gfxPixelFormat
0000000000035e68 0000000000000010 b g_gfx_Connect_QueueBufferOutput
0000000000035e78 0000000000000024 b g_gfx_DequeueBuffer_fence
0000000000035e9c 0000000000000001 b g_gfx_ProducerConnected
0000000000035ea0 0000000000000002 b g_gfx_ProducerSlotsRequested
0000000000035ea8 0000000000000010 b g_gfx_QueueBuffer_QueueBufferOutput
0000000000035eb8 0000000000000018 b g_gfx_autoresolution_applethookcookie
0000000000035ed0 0000000000000004 b g_gfx_autoresolution_docked_height
0000000000035ed4 0000000000000004 b g_gfx_autoresolution_docked_width
0000000000035ed8 0000000000000001 b g_gfx_autoresolution_enabled
0000000000035edc 0000000000000004 b g_gfx_autoresolution_handheld_height
0000000000035ee0 0000000000000004 b g_gfx_autoresolution_handheld_width
0000000000035ee8 0000000000000008 B g_gfx_framebuf_aligned_height
0000000000035ef0 0000000000000008 B g_gfx_framebuf_aligned_width
0000000000035ef8 0000000000000008 B g_gfx_framebuf_display_height
0000000000035f00 0000000000000008 B g_gfx_framebuf_display_width
0000000000035f08 0000000000000008 B g_gfx_framebuf_height
0000000000035f10 0000000000000008 B g_gfx_framebuf_width
0000000000035f18 0000000000000008 B g_gfx_singleframebuf_linear_size
0000000000035f20 0000000000000008 B g_gfx_singleframebuf_size
0000000000035f28 0000000000000001 b g_nvgfxInitialized
0000000000035f2c 0000000000000004 b g_nvgfx_fd_nvhostasgpu
0000000000035f30 0000000000000004 b g_nvgfx_fd_nvhostctrl
0000000000035f34 0000000000000004 b g_nvgfx_fd_nvhostctrlgpu
0000000000035f38 0000000000000004 b g_nvgfx_fd_nvhostgpu
0000000000035f3c 0000000000000004 b g_nvgfx_fd_nvmap
0000000000035f40 0000000000000008 b g_nvgfx_gpfifo_pos
0000000000035f48 00000000000000a0 b g_nvgfx_gpu_characteristics
0000000000035fe8 0000000000000008 b g_nvgfx_l2state
0000000000035ff0 0000000000000008 b g_nvgfx_nvhost_fence
0000000000035ff8 0000000000000008 b g_nvgfx_nvhost_userdata
0000000000036000 0000000000000008 b g_nvgfx_nvhost_userdata_size
0000000000036008 0000000000000008 b g_nvgfx_nvhostasgpu_allocspace_offset
0000000000036010 0000000000000030 b g_nvgfx_nvhostasgpu_varegions
0000000000036040 0000000000000004 b g_nvgfx_nvhostctrl_eventhandle
0000000000036044 0000000000000004 b g_nvgfx_nvhostctrl_eventres
0000000000036048 0000000000000004 b g_nvgfx_nvhostctrlgpu_event2
000000000003604c 0000000000000004 b g_nvgfx_nvhostgpu_event3
0000000000036050 0000000000000004 B g_nvgfx_totalframebufs
0000000000036058 0000000000000018 b g_nvgfx_tpcmasks
0000000000036070 0000000000000004 b g_nvgfx_zcullctxsize
0000000000036078 0000000000000028 b g_nvgfx_zcullinfo
00000000000360a0 0000000000000008 b nvmap_obj3_mapbuffer_x0_offset
00000000000360a8 0000000000000008 b nvmap_obj4_mapbuffer_x0_offset
00000000000360b0 0000000000000008 b nvmap_obj6_mapbuffer_xdb_offset
00000000000360b8 00000000000001b0 b nvmap_objs
0000000000036268 0000000000000008 V __nx_heap_size
0000000000036270 0000000000000001 b g_isNso
0000000000036278 0000000000000008 b g_loaderRetAddr
0000000000036280 0000000000000004 b g_mainThreadHandle
0000000000036288 0000000000000008 b g_nextLoadArgv
0000000000036290 0000000000000008 b g_nextLoadPath
0000000000036298 0000000000000008 b g_overrideArgv
00000000000362a0 0000000000000008 b g_overrideHeapAddr
00000000000362a8 0000000000000008 b g_overrideHeapSize
00000000000362b0 0000000000000004 b g_processHandle
00000000000362b8 0000000000000010 b g_syscallHints
00000000000362c8 0000000000000008 b g_argv_empty
00000000000362d0 0000000000000001 b g_HasCached
00000000000362d1 0000000000000001 b g_IsAbove200
00000000000362d2 0000000000000001 b g_IsAbove300
00000000000362d3 0000000000000001 b g_IsAbove400
00000000000362d8 0000000000000010 b g_AddressSpace
00000000000362e8 0000000000000008 b g_CurrentAddr
00000000000362f0 0000000000000030 b g_Region
0000000000036320 0000000000000004 b g_VirtMemMutex
0000000000036324 0000000000000001 b fsdevInitialised
0000000000036328 0000000000002000 b fsdev_fsdevices
0000000000038328 0000000000000008 b g_nvIpcBufferSize
0000000000038330 000000000000000c b g_nvSrv
0000000000038340 0000000000000028 b g_nvTransfermem
0000000000038368 000000000000000c b g_timeLocalSystemClock
0000000000038378 000000000000000c b g_timeNetworkSystemClock
0000000000038388 000000000000000c b g_timeSrv
0000000000038398 000000000000000c b g_timeTimeZoneService
00000000000383a8 000000000000000c b g_timeUserSystemClock
00000000000383b8 000000000000000c b g_viIApplicationDisplayService
00000000000383c8 000000000000000c b g_viIHOSBinderDriverIndirect
00000000000383d8 000000000000000c b g_viIHOSBinderDriverRelay
00000000000383e8 000000000000000c b g_viIManagerDisplayService
00000000000383f8 000000000000000c b g_viISystemDisplayService
0000000000038408 000000000000000c b g_viSrv
0000000000038418 000000000000000c b g_fsSrv
0000000000038428 0000000000000008 b g_bufferProducerBinderSession
0000000000038430 0000000000000028 B __malloc_current_mallinfo
0000000000038458 0000000000000008 B __malloc_max_sbrked_mem
0000000000038460 0000000000000008 B __malloc_max_total_mem
0000000000038468 0000000000000008 B __malloc_top_pad
0000000000038470 000000000000000c b __malloc_recursive_mutex
0000000000038480 000000000000000c b __sfp_recursive_mutex
0000000000038490 000000000000000c b __sinit_recursive_mutex
00000000000384a0 0000000000000008 b heap_start.4990
00000000000384a8 0000000000000008 B fake_heap_end
00000000000384b0 0000000000000008 B fake_heap_start
00000000000384b8 0000000000000400 b temp_cwd
00000000000388b8 0000000000000088 B __syscalls
0000000000038940 0000000000000004 b __hndl_lock
0000000000038948 0000000000000068 B currentCopy
00000000000389b0 0000000000000008 B g_nvgfx_nvhostgpu_gpfifo_fence
00000000000389b8 0000000000000008 B __stack_top
00000000000389c0 0000000000000008 B __system_argv
00000000000389c8 0000000000000004 B __system_argc
00000000000389d0 B __tls_start
000000000003cdd8 B __bss_end__
000000000003cdd8 A __end__
000000000003cdd8 B __tls_end
000000000003d000 A __argdata__
